c:\mentorii\mentor_v2\x64\debug\vc120.pdb
c:\mentorii\mentor_v2\x64\debug\moc_taskgroup_taskview.obj
c:\mentorii\mentor_v2\x64\debug\moc_taskgroup_taskcell.obj
c:\mentorii\mentor_v2\x64\debug\moc_taskcell.obj
c:\mentorii\mentor_v2\x64\debug\moc_quiz_dlgproperties.obj
c:\mentorii\mentor_v2\x64\debug\moc_quizview.obj
c:\mentorii\mentor_v2\x64\debug\moc_quizquestion_quizcell.obj
c:\mentorii\mentor_v2\x64\debug\moc_quiznodeview.obj
c:\mentorii\mentor_v2\x64\debug\moc_quiznode.obj
c:\mentorii\mentor_v2\x64\debug\moc_quizgroup_quiznodeview.obj
c:\mentorii\mentor_v2\x64\debug\moc_quizgroup_quizcell.obj
c:\mentorii\mentor_v2\x64\debug\moc_quizgroup_dlgproperties.obj
c:\mentorii\mentor_v2\x64\debug\moc_quizcell.obj
c:\mentorii\mentor_v2\x64\debug\moc_mainwindow.obj
c:\mentorii\mentor_v2\x64\debug\moc_dlgvariants.obj
c:\mentorii\mentor_v2\x64\debug\moc_dlgvariant.obj
c:\mentorii\mentor_v2\x64\debug\moc_dlgtestgenprogress.obj
c:\mentorii\mentor_v2\x64\debug\moc_dlgprint.obj
c:\mentorii\mentor_v2\x64\debug\moc_dlgnewgroup.obj
c:\mentorii\mentor_v2\x64\debug\moc_dlgaddquestions.obj
c:\mentorii\mentor_v2\x64\debug\moc_dlgabout.obj
c:\mentorii\mentor_v2\x64\debug\dlgvariants.obj
c:\mentorii\mentor_v2\x64\debug\dlgvariant.obj
c:\mentorii\mentor_v2\x64\debug\dlgtestgenprogress.obj
c:\mentorii\mentor_v2\x64\debug\dlgprint.obj
c:\mentorii\mentor_v2\x64\debug\dlgnewgroup.obj
c:\mentorii\mentor_v2\x64\debug\dlgaddquestions.obj
c:\mentorii\mentor_v2\x64\debug\dlgabout.obj
c:\mentorii\mentor_v2\x64\debug\diffequ_scriptrendererhelper.obj
c:\mentorii\mentor_v2\x64\debug\diffequ_generatorhelper.obj
c:\mentorii\mentor_v2\x64\debug\diffequ_generatedquestion.obj
c:\mentorii\mentor_v2\x64\debug\derivs_scriptrendererhelper.obj
c:\mentorii\mentor_v2\x64\debug\derivs_generatorhelper.obj
c:\mentorii\mentor_v2\x64\debug\derivs_generatedquestion.obj
c:\mentorii\mentor_v2\x64\debug\convert_to_tex.obj
c:\mentorii\mentor_v2\x64\debug\chain.obj
c:\mentorii\mentor_v2\x64\debug\moc_taskview.obj
c:\mentorii\mentor_v2\x64\debug\moc_taskquestion_taskview.obj
c:\mentorii\mentor_v2\x64\debug\moc_taskquestion_taskcell.obj
c:\mentorii\mentor_v2\x64\debug\moc_taskmtrtable_taskview.obj
c:\mentorii\mentor_v2\x64\debug\moc_taskmtrtable_taskcell.obj
c:\mentorii\mentor_v2\x64\debug\m_integ_a01.obj
c:\mentorii\mentor_v2\x64\debug\m_integ2.obj
c:\mentorii\mentor_v2\x64\debug\m_integ0xxb.obj
c:\mentorii\mentor_v2\x64\debug\m_integ.obj
c:\mentorii\mentor_v2\x64\debug\m_expressions.obj
c:\mentorii\mentor_v2\x64\debug\m_diffequ.obj
c:\mentorii\mentor_v2\x64\debug\m_deriv_02.obj
c:\mentorii\mentor_v2\x64\debug\m_deriv_01.obj
c:\mentorii\mentor_v2\x64\debug\m_deriv.obj
c:\mentorii\mentor_v2\x64\debug\limits_scriptrendererhelper.obj
c:\mentorii\mentor_v2\x64\debug\limits_generatorhelper.obj
c:\mentorii\mentor_v2\x64\debug\limits_generatedquestion.obj
c:\mentorii\mentor_v2\x64\debug\legacy_helpers.obj
c:\mentorii\mentor_v2\x64\debug\integrals_scriptrendererhelper.obj
c:\mentorii\mentor_v2\x64\debug\integrals_generatorhelper.obj
c:\mentorii\mentor_v2\x64\debug\integrals_generatedquestion.obj
c:\mentorii\mentor_v2\x64\debug\imagerenderer.obj
c:\mentorii\mentor_v2\x64\debug\generatorhelper.obj
c:\mentorii\mentor_v2\x64\debug\generator.obj
c:\mentorii\mentor_v2\x64\debug\generatedquestion.obj
c:\mentorii\mentor_v2\x64\debug\quizgroupfilter.obj
c:\mentorii\mentor_v2\x64\debug\quizgroup_xmlquizfile_structure_helper.obj
c:\mentorii\mentor_v2\x64\debug\quizgroup_quizviewerhelper.obj
c:\mentorii\mentor_v2\x64\debug\quizgroup_quiznodeview.obj
c:\mentorii\mentor_v2\x64\debug\quizgroup_quizcell.obj
c:\mentorii\mentor_v2\x64\debug\quizgroup_dlgproperties.obj
c:\mentorii\mentor_v2\x64\debug\quizgroup.obj
c:\mentorii\mentor_v2\x64\debug\quizfilter.obj
c:\mentorii\mentor_v2\x64\debug\quizfile.obj
c:\mentorii\mentor_v2\x64\debug\quizcell.obj
c:\mentorii\mentor_v2\x64\debug\quizadapter.obj
c:\mentorii\mentor_v2\x64\debug\quiz_dlgproperties.obj
c:\mentorii\mentor_v2\x64\debug\quiz.obj
c:\mentorii\mentor_v2\x64\debug\printscriptrenderer.obj
c:\mentorii\mentor_v2\x64\debug\mainwindow.obj
c:\mentorii\mentor_v2\x64\debug\main.obj
c:\mentorii\mentor_v2\x64\debug\m_series.obj
c:\mentorii\mentor_v2\x64\debug\m_limits.obj
c:\mentorii\mentor_v2\x64\debug\m_integ_a03.obj
c:\mentorii\mentor_v2\x64\debug\m_integ_a02.obj
c:\mentorii\mentor_v2\x64\debug\taskgroup_taskcell.obj
c:\mentorii\mentor_v2\x64\debug\taskgroup.obj
c:\mentorii\mentor_v2\x64\debug\taskcell.obj
c:\mentorii\mentor_v2\x64\debug\task2quiz.obj
c:\mentorii\mentor_v2\x64\debug\shuffle_quizgroupfilter.obj
c:\mentorii\mentor_v2\x64\debug\series_scriptrendererhelper.obj
c:\mentorii\mentor_v2\x64\debug\series_generatorhelper.obj
c:\mentorii\mentor_v2\x64\debug\series_generatedquestion.obj
c:\mentorii\mentor_v2\x64\debug\scriptrendererhelper.obj
c:\mentorii\mentor_v2\x64\debug\scriptrenderer.obj
c:\mentorii\mentor_v2\x64\debug\random_quizgroupfilter.obj
c:\mentorii\mentor_v2\x64\debug\quizviewerhelper.obj
c:\mentorii\mentor_v2\x64\debug\quizviewer.obj
c:\mentorii\mentor_v2\x64\debug\quizview.obj
c:\mentorii\mentor_v2\x64\debug\quizvariant.obj
c:\mentorii\mentor_v2\x64\debug\quizquestion_xmlquizfile_structure_helper.obj
c:\mentorii\mentor_v2\x64\debug\quizquestion_quizcell.obj
c:\mentorii\mentor_v2\x64\debug\quizquestion.obj
c:\mentorii\mentor_v2\x64\debug\quiznodeview.obj
c:\mentorii\mentor_v2\x64\debug\quiznode.obj
c:\mentorii\mentor_v2\x64\debug\tasktoquizhelper.obj
c:\mentorii\mentor_v2\x64\debug\taskquestiontoquiz.obj
c:\mentorii\mentor_v2\x64\debug\taskquestion_taskviewerhelper.obj
c:\mentorii\mentor_v2\x64\debug\taskquestion_taskview.obj
c:\mentorii\mentor_v2\x64\debug\taskquestion_taskloaderhelper.obj
c:\mentorii\mentor_v2\x64\debug\taskquestion_taskcell.obj
c:\mentorii\mentor_v2\x64\debug\taskquestion.obj
c:\mentorii\mentor_v2\x64\debug\tasknode.obj
c:\mentorii\mentor_v2\x64\debug\taskmtrtabletoquiz.obj
c:\mentorii\mentor_v2\x64\debug\taskmtrtable_taskviewerhelper.obj
c:\mentorii\mentor_v2\x64\debug\taskmtrtable_taskview.obj
c:\mentorii\mentor_v2\x64\debug\taskmtrtable_taskloaderhelper.obj
c:\mentorii\mentor_v2\x64\debug\taskmtrtable_taskcell.obj
c:\mentorii\mentor_v2\x64\debug\taskmtrtable.obj
c:\mentorii\mentor_v2\x64\debug\taskloaderhelper.obj
c:\mentorii\mentor_v2\x64\debug\taskloader.obj
c:\mentorii\mentor_v2\x64\debug\taskgrouptoquiz.obj
c:\mentorii\mentor_v2\x64\debug\taskgroup_taskviewerhelper.obj
c:\mentorii\mentor_v2\x64\debug\taskgroup_taskview.obj
c:\mentorii\mentor_v2\x64\debug\taskgroup_taskloaderhelper.obj
c:\mentorii\mentor_v2\x64\debug\xmlquizfile_variants.obj
c:\mentorii\mentor_v2\x64\debug\xmlquizfile_structure.obj
c:\mentorii\mentor_v2\x64\debug\xmlquizfile_quizgroupfilter.obj
c:\mentorii\mentor_v2\x64\debug\xmlquizfile.obj
c:\mentorii\mentor_v2\x64\debug\webrenderer.obj
c:\mentorii\mentor_v2\x64\debug\utils.obj
c:\mentorii\mentor_v2\x64\debug\txttobmp.obj
c:\mentorii\mentor_v2\x64\debug\taskviewerhelper.obj
c:\mentorii\mentor_v2\x64\debug\taskviewer.obj
c:\mentorii\mentor_v2\x64\debug\taskview.obj
c:\mentorii\mentor_v2\x64\debug\tasktree.obj
c:\mentorii\mentor_v2\x64\debug\qrc_r.obj
c:\visual studio 2015\projects\mentorii\mentor_v2\x64\debug\vc140.pdb
c:\visual studio 2015\projects\mentorii\mentor_v2\x64\debug\moc_taskgroup_taskview.obj
c:\visual studio 2015\projects\mentorii\mentor_v2\x64\debug\moc_taskgroup_taskcell.obj
c:\visual studio 2015\projects\mentorii\mentor_v2\x64\debug\moc_taskcell.obj
c:\visual studio 2015\projects\mentorii\mentor_v2\x64\debug\moc_quiz_dlgproperties.obj
c:\visual studio 2015\projects\mentorii\mentor_v2\x64\debug\moc_quizview.obj
c:\visual studio 2015\projects\mentorii\mentor_v2\x64\debug\moc_quizquestion_quizcell.obj
c:\visual studio 2015\projects\mentorii\mentor_v2\x64\debug\moc_quiznodeview.obj
c:\visual studio 2015\projects\mentorii\mentor_v2\x64\debug\moc_quiznode.obj
c:\visual studio 2015\projects\mentorii\mentor_v2\x64\debug\moc_quizgroup_quiznodeview.obj
c:\visual studio 2015\projects\mentorii\mentor_v2\x64\debug\moc_quizgroup_quizcell.obj
c:\visual studio 2015\projects\mentorii\mentor_v2\x64\debug\moc_quizgroup_dlgproperties.obj
c:\visual studio 2015\projects\mentorii\mentor_v2\x64\debug\moc_quizcell.obj
c:\visual studio 2015\projects\mentorii\mentor_v2\x64\debug\moc_mainwindow.obj
c:\visual studio 2015\projects\mentorii\mentor_v2\x64\debug\moc_dlgvariants.obj
c:\visual studio 2015\projects\mentorii\mentor_v2\x64\debug\moc_dlgvariant.obj
c:\visual studio 2015\projects\mentorii\mentor_v2\x64\debug\moc_dlgtestgenprogress.obj
c:\visual studio 2015\projects\mentorii\mentor_v2\x64\debug\moc_dlgprint.obj
c:\visual studio 2015\projects\mentorii\mentor_v2\x64\debug\moc_dlgnewgroup.obj
c:\visual studio 2015\projects\mentorii\mentor_v2\x64\debug\moc_dlgaddquestions.obj
c:\visual studio 2015\projects\mentorii\mentor_v2\x64\debug\moc_dlgabout.obj
c:\visual studio 2015\projects\mentorii\mentor_v2\x64\debug\dlgvariants.obj
c:\visual studio 2015\projects\mentorii\mentor_v2\x64\debug\dlgvariant.obj
c:\visual studio 2015\projects\mentorii\mentor_v2\x64\debug\dlgtestgenprogress.obj
c:\visual studio 2015\projects\mentorii\mentor_v2\x64\debug\dlgprint.obj
c:\visual studio 2015\projects\mentorii\mentor_v2\x64\debug\dlgnewgroup.obj
c:\visual studio 2015\projects\mentorii\mentor_v2\x64\debug\dlgaddquestions.obj
c:\visual studio 2015\projects\mentorii\mentor_v2\x64\debug\dlgabout.obj
c:\visual studio 2015\projects\mentorii\mentor_v2\x64\debug\diffequ_scriptrendererhelper.obj
c:\visual studio 2015\projects\mentorii\mentor_v2\x64\debug\diffequ_generatorhelper.obj
c:\visual studio 2015\projects\mentorii\mentor_v2\x64\debug\diffequ_generatedquestion.obj
c:\visual studio 2015\projects\mentorii\mentor_v2\x64\debug\derivs_scriptrendererhelper.obj
c:\visual studio 2015\projects\mentorii\mentor_v2\x64\debug\derivs_generatorhelper.obj
c:\visual studio 2015\projects\mentorii\mentor_v2\x64\debug\derivs_generatedquestion.obj
c:\visual studio 2015\projects\mentorii\mentor_v2\x64\debug\convert_to_tex.obj
c:\visual studio 2015\projects\mentorii\mentor_v2\x64\debug\chain.obj
c:\visual studio 2015\projects\mentorii\mentor_v2\x64\debug\moc_taskview.obj
c:\visual studio 2015\projects\mentorii\mentor_v2\x64\debug\moc_taskquestion_taskview.obj
c:\visual studio 2015\projects\mentorii\mentor_v2\x64\debug\moc_taskquestion_taskcell.obj
c:\visual studio 2015\projects\mentorii\mentor_v2\x64\debug\moc_taskmtrtable_taskview.obj
c:\visual studio 2015\projects\mentorii\mentor_v2\x64\debug\moc_taskmtrtable_taskcell.obj
c:\visual studio 2015\projects\mentorii\mentor_v2\x64\debug\m_integ_a01.obj
c:\visual studio 2015\projects\mentorii\mentor_v2\x64\debug\m_integ2.obj
c:\visual studio 2015\projects\mentorii\mentor_v2\x64\debug\m_integ0xxb.obj
c:\visual studio 2015\projects\mentorii\mentor_v2\x64\debug\m_integ.obj
c:\visual studio 2015\projects\mentorii\mentor_v2\x64\debug\m_expressions.obj
c:\visual studio 2015\projects\mentorii\mentor_v2\x64\debug\m_diffequ.obj
c:\visual studio 2015\projects\mentorii\mentor_v2\x64\debug\m_deriv_02.obj
c:\visual studio 2015\projects\mentorii\mentor_v2\x64\debug\m_deriv_01.obj
c:\visual studio 2015\projects\mentorii\mentor_v2\x64\debug\m_deriv.obj
c:\visual studio 2015\projects\mentorii\mentor_v2\x64\debug\limits_scriptrendererhelper.obj
c:\visual studio 2015\projects\mentorii\mentor_v2\x64\debug\limits_generatorhelper.obj
c:\visual studio 2015\projects\mentorii\mentor_v2\x64\debug\limits_generatedquestion.obj
c:\visual studio 2015\projects\mentorii\mentor_v2\x64\debug\legacy_helpers.obj
c:\visual studio 2015\projects\mentorii\mentor_v2\x64\debug\integrals_scriptrendererhelper.obj
c:\visual studio 2015\projects\mentorii\mentor_v2\x64\debug\integrals_generatorhelper.obj
c:\visual studio 2015\projects\mentorii\mentor_v2\x64\debug\integrals_generatedquestion.obj
c:\visual studio 2015\projects\mentorii\mentor_v2\x64\debug\imagerenderer.obj
c:\visual studio 2015\projects\mentorii\mentor_v2\x64\debug\generatorhelper.obj
c:\visual studio 2015\projects\mentorii\mentor_v2\x64\debug\generator.obj
c:\visual studio 2015\projects\mentorii\mentor_v2\x64\debug\generatedquestion.obj
c:\visual studio 2015\projects\mentorii\mentor_v2\x64\debug\quizgroupfilter.obj
c:\visual studio 2015\projects\mentorii\mentor_v2\x64\debug\quizgroup_xmlquizfile_structure_helper.obj
c:\visual studio 2015\projects\mentorii\mentor_v2\x64\debug\quizgroup_quizviewerhelper.obj
c:\visual studio 2015\projects\mentorii\mentor_v2\x64\debug\quizgroup_quiznodeview.obj
c:\visual studio 2015\projects\mentorii\mentor_v2\x64\debug\quizgroup_quizcell.obj
c:\visual studio 2015\projects\mentorii\mentor_v2\x64\debug\quizgroup_dlgproperties.obj
c:\visual studio 2015\projects\mentorii\mentor_v2\x64\debug\quizgroup.obj
c:\visual studio 2015\projects\mentorii\mentor_v2\x64\debug\quizfilter.obj
c:\visual studio 2015\projects\mentorii\mentor_v2\x64\debug\quizfile.obj
c:\visual studio 2015\projects\mentorii\mentor_v2\x64\debug\quizcell.obj
c:\visual studio 2015\projects\mentorii\mentor_v2\x64\debug\quizadapter.obj
c:\visual studio 2015\projects\mentorii\mentor_v2\x64\debug\quiz_dlgproperties.obj
c:\visual studio 2015\projects\mentorii\mentor_v2\x64\debug\quiz.obj
c:\visual studio 2015\projects\mentorii\mentor_v2\x64\debug\printscriptrenderer.obj
c:\visual studio 2015\projects\mentorii\mentor_v2\x64\debug\mainwindow.obj
c:\visual studio 2015\projects\mentorii\mentor_v2\x64\debug\main.obj
c:\visual studio 2015\projects\mentorii\mentor_v2\x64\debug\m_series.obj
c:\visual studio 2015\projects\mentorii\mentor_v2\x64\debug\m_limits.obj
c:\visual studio 2015\projects\mentorii\mentor_v2\x64\debug\m_integ_a03.obj
c:\visual studio 2015\projects\mentorii\mentor_v2\x64\debug\m_integ_a02.obj
c:\visual studio 2015\projects\mentorii\mentor_v2\x64\debug\taskgroup_taskcell.obj
c:\visual studio 2015\projects\mentorii\mentor_v2\x64\debug\taskgroup.obj
c:\visual studio 2015\projects\mentorii\mentor_v2\x64\debug\taskcell.obj
c:\visual studio 2015\projects\mentorii\mentor_v2\x64\debug\task2quiz.obj
c:\visual studio 2015\projects\mentorii\mentor_v2\x64\debug\shuffle_quizgroupfilter.obj
c:\visual studio 2015\projects\mentorii\mentor_v2\x64\debug\series_scriptrendererhelper.obj
c:\visual studio 2015\projects\mentorii\mentor_v2\x64\debug\series_generatorhelper.obj
c:\visual studio 2015\projects\mentorii\mentor_v2\x64\debug\series_generatedquestion.obj
c:\visual studio 2015\projects\mentorii\mentor_v2\x64\debug\scriptrendererhelper.obj
c:\visual studio 2015\projects\mentorii\mentor_v2\x64\debug\scriptrenderer.obj
c:\visual studio 2015\projects\mentorii\mentor_v2\x64\debug\random_quizgroupfilter.obj
c:\visual studio 2015\projects\mentorii\mentor_v2\x64\debug\quizviewerhelper.obj
c:\visual studio 2015\projects\mentorii\mentor_v2\x64\debug\quizviewer.obj
c:\visual studio 2015\projects\mentorii\mentor_v2\x64\debug\quizview.obj
c:\visual studio 2015\projects\mentorii\mentor_v2\x64\debug\quizvariant.obj
c:\visual studio 2015\projects\mentorii\mentor_v2\x64\debug\quizquestion_xmlquizfile_structure_helper.obj
c:\visual studio 2015\projects\mentorii\mentor_v2\x64\debug\quizquestion_quizcell.obj
c:\visual studio 2015\projects\mentorii\mentor_v2\x64\debug\quizquestion.obj
c:\visual studio 2015\projects\mentorii\mentor_v2\x64\debug\quiznodeview.obj
c:\visual studio 2015\projects\mentorii\mentor_v2\x64\debug\quiznode.obj
c:\visual studio 2015\projects\mentorii\mentor_v2\x64\debug\tasktoquizhelper.obj
c:\visual studio 2015\projects\mentorii\mentor_v2\x64\debug\taskquestiontoquiz.obj
c:\visual studio 2015\projects\mentorii\mentor_v2\x64\debug\taskquestion_taskviewerhelper.obj
c:\visual studio 2015\projects\mentorii\mentor_v2\x64\debug\taskquestion_taskview.obj
c:\visual studio 2015\projects\mentorii\mentor_v2\x64\debug\taskquestion_taskloaderhelper.obj
c:\visual studio 2015\projects\mentorii\mentor_v2\x64\debug\taskquestion_taskcell.obj
c:\visual studio 2015\projects\mentorii\mentor_v2\x64\debug\taskquestion.obj
c:\visual studio 2015\projects\mentorii\mentor_v2\x64\debug\tasknode.obj
c:\visual studio 2015\projects\mentorii\mentor_v2\x64\debug\taskmtrtabletoquiz.obj
c:\visual studio 2015\projects\mentorii\mentor_v2\x64\debug\taskmtrtable_taskviewerhelper.obj
c:\visual studio 2015\projects\mentorii\mentor_v2\x64\debug\taskmtrtable_taskview.obj
c:\visual studio 2015\projects\mentorii\mentor_v2\x64\debug\taskmtrtable_taskloaderhelper.obj
c:\visual studio 2015\projects\mentorii\mentor_v2\x64\debug\taskmtrtable_taskcell.obj
c:\visual studio 2015\projects\mentorii\mentor_v2\x64\debug\taskmtrtable.obj
c:\visual studio 2015\projects\mentorii\mentor_v2\x64\debug\taskloaderhelper.obj
c:\visual studio 2015\projects\mentorii\mentor_v2\x64\debug\taskloader.obj
c:\visual studio 2015\projects\mentorii\mentor_v2\x64\debug\taskgrouptoquiz.obj
c:\visual studio 2015\projects\mentorii\mentor_v2\x64\debug\taskgroup_taskviewerhelper.obj
c:\visual studio 2015\projects\mentorii\mentor_v2\x64\debug\taskgroup_taskview.obj
c:\visual studio 2015\projects\mentorii\mentor_v2\x64\debug\taskgroup_taskloaderhelper.obj
c:\visual studio 2015\projects\mentorii\mentor_v2\x64\debug\xmlquizfile_variants.obj
c:\visual studio 2015\projects\mentorii\mentor_v2\x64\debug\xmlquizfile_structure.obj
c:\visual studio 2015\projects\mentorii\mentor_v2\x64\debug\xmlquizfile_quizgroupfilter.obj
c:\visual studio 2015\projects\mentorii\mentor_v2\x64\debug\xmlquizfile.obj
c:\visual studio 2015\projects\mentorii\mentor_v2\x64\debug\webrenderer.obj
c:\visual studio 2015\projects\mentorii\mentor_v2\x64\debug\utils.obj
c:\visual studio 2015\projects\mentorii\mentor_v2\x64\debug\txttobmp.obj
c:\visual studio 2015\projects\mentorii\mentor_v2\x64\debug\taskviewerhelper.obj
c:\visual studio 2015\projects\mentorii\mentor_v2\x64\debug\taskviewer.obj
c:\visual studio 2015\projects\mentorii\mentor_v2\x64\debug\taskview.obj
c:\visual studio 2015\projects\mentorii\mentor_v2\x64\debug\tasktree.obj
c:\visual studio 2015\projects\mentorii\mentor_v2\x64\debug\qrc_r.obj
c:\mentorii\mentor_v2\generatedfiles\debug\moc_dlgabout.cpp
c:\mentorii\mentor_v2\generatedfiles\debug\moc_dlgaddquestions.cpp
c:\mentorii\mentor_v2\generatedfiles\debug\moc_dlgnewgroup.cpp
c:\mentorii\mentor_v2\generatedfiles\debug\moc_dlgprint.cpp
c:\mentorii\mentor_v2\generatedfiles\debug\moc_dlgtestgenprogress.cpp
c:\mentorii\mentor_v2\generatedfiles\debug\moc_dlgvariant.cpp
c:\mentorii\mentor_v2\generatedfiles\debug\moc_dlgvariants.cpp
c:\mentorii\mentor_v2\generatedfiles\debug\moc_mainwindow.cpp
c:\mentorii\mentor_v2\generatedfiles\debug\moc_quiz_dlgproperties.cpp
c:\mentorii\mentor_v2\generatedfiles\debug\moc_quizcell.cpp
c:\mentorii\mentor_v2\generatedfiles\debug\moc_quizgroup_dlgproperties.cpp
c:\mentorii\mentor_v2\generatedfiles\debug\moc_quizgroup_quizcell.cpp
c:\mentorii\mentor_v2\generatedfiles\debug\moc_quizgroup_quiznodeview.cpp
c:\mentorii\mentor_v2\generatedfiles\debug\moc_quiznode.cpp
c:\mentorii\mentor_v2\generatedfiles\debug\moc_quiznodeview.cpp
c:\mentorii\mentor_v2\generatedfiles\debug\moc_quizquestion_quizcell.cpp
c:\mentorii\mentor_v2\generatedfiles\debug\moc_quizview.cpp
c:\mentorii\mentor_v2\generatedfiles\debug\moc_taskcell.cpp
c:\mentorii\mentor_v2\generatedfiles\debug\moc_taskgroup_taskcell.cpp
c:\mentorii\mentor_v2\generatedfiles\debug\moc_taskgroup_taskview.cpp
c:\mentorii\mentor_v2\generatedfiles\debug\moc_taskmtrtable_taskcell.cpp
c:\mentorii\mentor_v2\generatedfiles\debug\moc_taskmtrtable_taskview.cpp
c:\mentorii\mentor_v2\generatedfiles\debug\moc_taskquestion_taskcell.cpp
c:\mentorii\mentor_v2\generatedfiles\debug\moc_taskquestion_taskview.cpp
c:\mentorii\mentor_v2\generatedfiles\debug\moc_taskview.cpp
c:\mentorii\mentor_v2\generatedfiles\ui_dlgabout.h
c:\mentorii\mentor_v2\generatedfiles\ui_dlgaddquestions.h
c:\mentorii\mentor_v2\generatedfiles\ui_dlgnewgroup.h
c:\mentorii\mentor_v2\generatedfiles\ui_dlgprint.h
c:\mentorii\mentor_v2\generatedfiles\ui_dlgtestgenprogress.h
c:\mentorii\mentor_v2\generatedfiles\ui_dlgvariant.h
c:\mentorii\mentor_v2\generatedfiles\ui_dlgvariants.h
c:\mentorii\mentor_v2\generatedfiles\ui_mainwindow.h
c:\mentorii\mentor_v2\generatedfiles\ui_quiz_dlgproperties.h
c:\mentorii\mentor_v2\generatedfiles\ui_quizgroup_dlgproperties.h
c:\mentorii\mentor_v2\generatedfiles\ui_quizgroup_quizcell.h
c:\mentorii\mentor_v2\generatedfiles\ui_quizgroup_quiznodeview.h
c:\mentorii\mentor_v2\generatedfiles\ui_quizquestion_quizcell.h
c:\mentorii\mentor_v2\generatedfiles\ui_quizview.h
c:\mentorii\mentor_v2\generatedfiles\ui_taskgroup_taskcell.h
c:\mentorii\mentor_v2\generatedfiles\ui_taskgroup_taskview.h
c:\mentorii\mentor_v2\generatedfiles\ui_taskmtrtable_taskcell.h
c:\mentorii\mentor_v2\generatedfiles\ui_taskmtrtable_taskview.h
c:\mentorii\mentor_v2\generatedfiles\ui_taskquestion_taskcell.h
c:\mentorii\mentor_v2\generatedfiles\ui_taskquestion_taskview.h
c:\mentorii\mentor_v2\generatedfiles\qrc_r.cpp
c:\visual studio 2015\projects\mentorii\mentor_v2\generatedfiles\ui_dlgabout.h
c:\visual studio 2015\projects\mentorii\mentor_v2\generatedfiles\ui_dlgaddquestions.h
c:\visual studio 2015\projects\mentorii\mentor_v2\generatedfiles\ui_dlgnewgroup.h
c:\visual studio 2015\projects\mentorii\mentor_v2\generatedfiles\ui_dlgprint.h
c:\visual studio 2015\projects\mentorii\mentor_v2\generatedfiles\ui_dlgtestgenprogress.h
c:\visual studio 2015\projects\mentorii\mentor_v2\generatedfiles\ui_dlgvariant.h
c:\visual studio 2015\projects\mentorii\mentor_v2\generatedfiles\ui_dlgvariants.h
c:\visual studio 2015\projects\mentorii\mentor_v2\generatedfiles\ui_mainwindow.h
c:\visual studio 2015\projects\mentorii\mentor_v2\generatedfiles\ui_quiz_dlgproperties.h
c:\visual studio 2015\projects\mentorii\mentor_v2\generatedfiles\ui_quizgroup_dlgproperties.h
c:\visual studio 2015\projects\mentorii\mentor_v2\generatedfiles\ui_quizgroup_quizcell.h
c:\visual studio 2015\projects\mentorii\mentor_v2\generatedfiles\ui_quizgroup_quiznodeview.h
c:\visual studio 2015\projects\mentorii\mentor_v2\generatedfiles\ui_quizquestion_quizcell.h
c:\visual studio 2015\projects\mentorii\mentor_v2\generatedfiles\ui_quizview.h
c:\visual studio 2015\projects\mentorii\mentor_v2\generatedfiles\ui_taskgroup_taskcell.h
c:\visual studio 2015\projects\mentorii\mentor_v2\generatedfiles\ui_taskgroup_taskview.h
c:\visual studio 2015\projects\mentorii\mentor_v2\generatedfiles\ui_taskmtrtable_taskcell.h
c:\visual studio 2015\projects\mentorii\mentor_v2\generatedfiles\ui_taskmtrtable_taskview.h
c:\visual studio 2015\projects\mentorii\mentor_v2\generatedfiles\ui_taskquestion_taskcell.h
c:\visual studio 2015\projects\mentorii\mentor_v2\generatedfiles\ui_taskquestion_taskview.h
c:\visual studio 2015\projects\mentorii\mentor_v2\generatedfiles\qrc_r.cpp
c:\visual studio 2015\projects\mentorii\mentor_v2\generatedfiles\debug\moc_dlgabout.cpp
c:\visual studio 2015\projects\mentorii\mentor_v2\generatedfiles\debug\moc_dlgaddquestions.cpp
c:\visual studio 2015\projects\mentorii\mentor_v2\generatedfiles\debug\moc_dlgnewgroup.cpp
c:\visual studio 2015\projects\mentorii\mentor_v2\generatedfiles\debug\moc_dlgprint.cpp
c:\visual studio 2015\projects\mentorii\mentor_v2\generatedfiles\debug\moc_dlgtestgenprogress.cpp
c:\visual studio 2015\projects\mentorii\mentor_v2\generatedfiles\debug\moc_dlgvariant.cpp
c:\visual studio 2015\projects\mentorii\mentor_v2\generatedfiles\debug\moc_dlgvariants.cpp
c:\visual studio 2015\projects\mentorii\mentor_v2\generatedfiles\debug\moc_mainwindow.cpp
c:\visual studio 2015\projects\mentorii\mentor_v2\generatedfiles\debug\moc_quiz_dlgproperties.cpp
c:\visual studio 2015\projects\mentorii\mentor_v2\generatedfiles\debug\moc_quizcell.cpp
c:\visual studio 2015\projects\mentorii\mentor_v2\generatedfiles\debug\moc_quizgroup_dlgproperties.cpp
c:\visual studio 2015\projects\mentorii\mentor_v2\generatedfiles\debug\moc_quizgroup_quizcell.cpp
c:\visual studio 2015\projects\mentorii\mentor_v2\generatedfiles\debug\moc_quizgroup_quiznodeview.cpp
c:\visual studio 2015\projects\mentorii\mentor_v2\generatedfiles\debug\moc_quiznode.cpp
c:\visual studio 2015\projects\mentorii\mentor_v2\generatedfiles\debug\moc_quiznodeview.cpp
c:\visual studio 2015\projects\mentorii\mentor_v2\generatedfiles\debug\moc_quizquestion_quizcell.cpp
c:\visual studio 2015\projects\mentorii\mentor_v2\generatedfiles\debug\moc_quizview.cpp
c:\visual studio 2015\projects\mentorii\mentor_v2\generatedfiles\debug\moc_taskcell.cpp
c:\visual studio 2015\projects\mentorii\mentor_v2\generatedfiles\debug\moc_taskgroup_taskcell.cpp
c:\visual studio 2015\projects\mentorii\mentor_v2\generatedfiles\debug\moc_taskgroup_taskview.cpp
c:\visual studio 2015\projects\mentorii\mentor_v2\generatedfiles\debug\moc_taskmtrtable_taskcell.cpp
c:\visual studio 2015\projects\mentorii\mentor_v2\generatedfiles\debug\moc_taskmtrtable_taskview.cpp
c:\visual studio 2015\projects\mentorii\mentor_v2\generatedfiles\debug\moc_taskquestion_taskcell.cpp
c:\visual studio 2015\projects\mentorii\mentor_v2\generatedfiles\debug\moc_taskquestion_taskview.cpp
c:\visual studio 2015\projects\mentorii\mentor_v2\generatedfiles\debug\moc_taskview.cpp
c:\mentorii\mentor_v2\debug\mentorii.ilk
c:\mentorii\mentor_v2\debug\mentorii.exe
c:\mentorii\mentor_v2\debug\mentorii.pdb
c:\visual studio 2015\projects\mentorii\mentor_v2\x64\debug\vc120.pdb
c:\visual studio 2015\projects\mentorii\mentor_v2\x64\debug\mentor_v2.tlog\cl.command.1.tlog
c:\visual studio 2015\projects\mentorii\mentor_v2\x64\debug\mentor_v2.tlog\cl.read.1.tlog
c:\visual studio 2015\projects\mentorii\mentor_v2\x64\debug\mentor_v2.tlog\cl.write.1.tlog
c:\visual studio 2015\projects\mentorii\mentor_v2\x64\debug\mentor_v2.tlog\custombuild.command.1.tlog
c:\visual studio 2015\projects\mentorii\mentor_v2\x64\debug\mentor_v2.tlog\custombuild.read.1.tlog
c:\visual studio 2015\projects\mentorii\mentor_v2\x64\debug\mentor_v2.tlog\custombuild.write.1.tlog
c:\visual studio 2015\projects\mentorii\mentor_v2\x64\debug\mentor_v2.tlog\link-cvtres.read.1.tlog
c:\visual studio 2015\projects\mentorii\mentor_v2\x64\debug\mentor_v2.tlog\link-cvtres.write.1.tlog
c:\visual studio 2015\projects\mentorii\mentor_v2\x64\debug\mentor_v2.tlog\link-rc.read.1.tlog
c:\visual studio 2015\projects\mentorii\mentor_v2\x64\debug\mentor_v2.tlog\link-rc.write.1.tlog
c:\visual studio 2015\projects\mentorii\mentor_v2\x64\debug\mentor_v2.tlog\link.command.1.tlog
c:\visual studio 2015\projects\mentorii\mentor_v2\x64\debug\mentor_v2.tlog\link.read.1.tlog
c:\visual studio 2015\projects\mentorii\mentor_v2\x64\debug\mentor_v2.tlog\link.write.1.tlog
