Сборка начата 13.07.2017 0:56:02.
     1>Проект "C:\MentorII\Mentor_v2\Mentor_v2.vcxproj" в узле 2 (целевые объекты Rebuild).
     1>CustomBuild:
         Moc'ing dlgabout.h...
         Moc'ing dlgaddquestions.h...
         Moc'ing dlgnewgroup.h...
         Moc'ing dlgprint.h...
         Moc'ing dlgtestgenprogress.h...
         Moc'ing dlgvariant.h...
         Moc'ing dlgvariants.h...
         Moc'ing mainwindow.h...
         Moc'ing quiz_dlgproperties.h...
         Moc'ing quizcell.h...
         Moc'ing quizgroup_dlgproperties.h...
         Moc'ing quizgroup_quizcell.h...
         Moc'ing quizgroup_quiznodeview.h...
         Moc'ing quiznode.h...
         Moc'ing quiznodeview.h...
         Moc'ing quizquestion_quizcell.h...
         Moc'ing quizview.h...
         Moc'ing taskcell.h...
         Moc'ing taskgroup_taskcell.h...
         Moc'ing taskgroup_taskview.h...
         Moc'ing taskmtrtable_taskcell.h...
         Moc'ing taskmtrtable_taskview.h...
         Moc'ing taskquestion_taskcell.h...
         Moc'ing taskquestion_taskview.h...
         Moc'ing taskview.h...
         Uic'ing gui\dlgabout.ui...
         Uic'ing gui\dlgaddquestions.ui...
         Uic'ing gui\dlgnewgroup.ui...
         Uic'ing gui\dlgprint.ui...
         Uic'ing gui\dlgtestgenprogress.ui...
         Uic'ing gui\dlgvariant.ui...
         Uic'ing gui\dlgvariants.ui...
         Uic'ing gui\mainwindow.ui...
         Uic'ing quiz\quiz_dlgproperties.ui...
         Uic'ing quiz\quizgroup_dlgproperties.ui...
         Uic'ing quiz\view\views\cell\quizgroup_quizcell.ui...
         Uic'ing quiz\view\views\quizgroup_quiznodeview.ui...
         Uic'ing quiz\view\views\cell\quizquestion_quizcell.ui...
         Uic'ing quiz\view\quizview.ui...
         Uic'ing tasks\view\views\cell\taskgroup_taskcell.ui...
         Uic'ing tasks\view\views\taskgroup_taskview.ui...
         Uic'ing tasks\view\views\cell\taskmtrtable_taskcell.ui...
         Uic'ing tasks\view\views\taskmtrtable_taskview.ui...
         Uic'ing tasks\view\views\cell\taskquestion_taskcell.ui...
         Uic'ing tasks\view\views\taskquestion_taskview.ui...
         Rcc'ing r.qrc...
       ClCompile:
         C:\Program Files (x86)\Microsoft Visual Studio 12.0\VC\bin\x86_amd64\CL.exe /c /I. /I.\..\..\qt\qt5.5.0\5.5\msvc2013_64\include /I.\..\..\qt\qt5.5.0\5.5\msvc2013_64\include\QtWebKit /I.\..\..\qt\qt5.5.0\5.5\msvc2013_64\include\QtGui /I.\..\..\qt\qt5.5.0\5.5\msvc2013_64\include\QtANGLE /I.\..\..\qt\qt5.5.0\5.5\msvc2013_64\include\QtXml /I.\..\..\qt\qt5.5.0\5.5\msvc2013_64\include\QtNetwork /I.\..\..\qt\qt5.5.0\5.5\msvc2013_64\include\QtCore /I.\debug /I".\..\..\qt\qt5.5.0\5.5\msvc2013_64\mkspecs\win32-msvc2013" /I.\GeneratedFiles /IC:\Qt\Qt5.5.0\5.5\msvc2013_64\include\QtCore /IC:\Qt\Qt5.5.0\5.5\msvc2013_64\include\QtGui /IC:\Qt\Qt5.5.0\5.5\msvc2013_64\include\QtQml /IC:\Qt\Qt5.5.0\5.5\msvc2013_64\include\QtWebKit /IC:\Qt\Qt5.5.0\5.5\msvc2013_64\include\QtUiTools /IC:\Qt\Qt5.5.0\5.5\msvc2013_64\include\QtPrintSupport /IC:\Qt\Qt5.5.0\5.5\msvc2013_64\include\QtScript /IC:\Qt\Qt5.5.0\5.5\msvc2013_64\include\QtWebkitWidgets /IC:\Qt\Qt5.5.0\5.5\msvc2013_64\include\QtWidgets /IC:\Qt\Qt5.5.0\5.5\msvc2013_64\include\QtXml /I.\GeneratedFiles\Debug /Zi /nologo /W3 /WX- /Od /D _WINDOWS /D UNICODE /D WIN32 /D WIN64 /D "WINVER = 0x0501" /D "_WIN32_WINNT = 0x0501" /D QT_WEBKIT_LIB /D QT_GUI_LIB /D QT_XML_LIB /D QT_NETWORK_LIB /D QT_CORE_LIB /D QT_QML_LIB /D QT_UITOOLS_LIB /D QT_PRINTSUPPORT_LIB /D QT_SCRIPT_LIB /D QT_WEBKITWIDGETS_LIB /D QT_WIDGETS_LIB /Gm- /EHsc /MDd /GS /fp:precise /Zc:wchar_t /Zc:forScope /GR /Fo"Debug\\" /Fd"Debug\vc120.pdb" /Gd /TP /errorReport:prompt -w34100 -w34189 -w44996 GeneratedFiles\Debug\moc_dlgabout.cpp GeneratedFiles\Debug\moc_dlgaddquestions.cpp GeneratedFiles\Debug\moc_dlgnewgroup.cpp GeneratedFiles\Debug\moc_dlgprint.cpp GeneratedFiles\Debug\moc_dlgtestgenprogress.cpp GeneratedFiles\Debug\moc_dlgvariant.cpp GeneratedFiles\Debug\moc_dlgvariants.cpp GeneratedFiles\Debug\moc_mainwindow.cpp GeneratedFiles\Debug\moc_quizcell.cpp GeneratedFiles\Debug\moc_quizgroup_dlgproperties.cpp GeneratedFiles\Debug\moc_quizgroup_quizcell.cpp GeneratedFiles\Debug\moc_quizgroup_quiznodeview.cpp GeneratedFiles\Debug\moc_quiznode.cpp GeneratedFiles\Debug\moc_quiznodeview.cpp GeneratedFiles\Debug\moc_quizquestion_quizcell.cpp GeneratedFiles\Debug\moc_quizview.cpp GeneratedFiles\Debug\moc_quiz_dlgproperties.cpp GeneratedFiles\Debug\moc_taskcell.cpp GeneratedFiles\Debug\moc_taskgroup_taskcell.cpp GeneratedFiles\Debug\moc_taskgroup_taskview.cpp GeneratedFiles\Debug\moc_taskmtrtable_taskcell.cpp GeneratedFiles\Debug\moc_taskmtrtable_taskview.cpp GeneratedFiles\Debug\moc_taskquestion_taskcell.cpp GeneratedFiles\Debug\moc_taskquestion_taskview.cpp GeneratedFiles\Debug\moc_taskview.cpp utils\chain.cpp quiz\render\web\convert_to_tex.cpp quiz\gen\derivs_generatedquestion.cpp quiz\gen\derivs_generatorhelper.cpp quiz\render\script\derivs_scriptrendererhelper.cpp quiz\gen\diffequ_generatedquestion.cpp quiz\gen\diffequ_generatorhelper.cpp quiz\render\script\diffequ_scriptrendererhelper.cpp gui\dlgabout.cpp gui\dlgaddquestions.cpp gui\dlgnewgroup.cpp gui\dlgprint.cpp gui\dlgtestgenprogress.cpp gui\dlgvariant.cpp gui\dlgvariants.cpp quiz\gen\generatedquestion.cpp quiz\gen\generator.cpp quiz\gen\generatorhelper.cpp quiz\render\image\imagerenderer.cpp quiz\gen\integrals_generatedquestion.cpp quiz\gen\integrals_generatorhelper.cpp quiz\render\script\integrals_scriptrendererhelper.cpp quiz\render\script\legacy_helpers.cpp quiz\gen\limits_generatedquestion.cpp quiz\gen\limits_generatorhelper.cpp quiz\render\script\limits_scriptrendererhelper.cpp quiz\render\script\m_deriv.cpp quiz\render\script\m_deriv_01.cpp quiz\render\script\m_deriv_02.cpp quiz\render\script\m_diffequ.cpp quiz\render\script\m_expressions.cpp quiz\render\script\m_integ.cpp quiz\render\script\m_integ0xxb.cpp quiz\render\script\m_integ2.cpp quiz\render\script\m_integ_a01.cpp quiz\render\script\m_integ_a02.cpp quiz\render\script\m_integ_a03.cpp quiz\render\script\m_limits.cpp quiz\render\script\m_series.cpp main.cpp gui\mainwindow.cpp quiz\render\script\print\printscriptrenderer.cpp quiz\quiz.cpp quiz\quiz_dlgproperties.cpp tasks\view\views\quizadapter.cpp quiz\view\views\cell\quizcell.cpp quiz\file\quizfile.cpp quiz\filter\quizfilter.cpp quiz\quizgroup.cpp quiz\quizgroup_dlgproperties.cpp quiz\view\views\cell\quizgroup_quizcell.cpp quiz\view\views\quizgroup_quiznodeview.cpp quiz\view\quizgroup_quizviewerhelper.cpp quiz\file\quizgroup_xmlquizfile_structure_helper.cpp quiz\filter\group\quizgroupfilter.cpp quiz\quiznode.cpp quiz\view\views\quiznodeview.cpp quiz\quizquestion.cpp quiz\view\views\cell\quizquestion_quizcell.cpp quiz\file\quizquestion_xmlquizfile_structure_helper.cpp quiz\quizvariant.cpp quiz\view\quizview.cpp quiz\view\quizviewer.cpp quiz\view\quizviewerhelper.cpp quiz\filter\group\random_quizgroupfilter.cpp quiz\render\script\scriptrenderer.cpp quiz\render\script\scriptrendererhelper.cpp quiz\gen\series_generatedquestion.cpp quiz\gen\series_generatorhelper.cpp quiz\render\script\series_scriptrendererhelper.cpp quiz\filter\group\shuffle_quizgroupfilter.cpp task2quiz\task2quiz.cpp tasks\view\views\cell\taskcell.cpp tasks\taskgroup.cpp tasks\view\views\cell\taskgroup_taskcell.cpp tasks\load\taskgroup_taskloaderhelper.cpp tasks\view\views\taskgroup_taskview.cpp tasks\view\taskgroup_taskviewerhelper.cpp task2quiz\taskgrouptoquiz.cpp tasks\load\taskloader.cpp tasks\load\taskloaderhelper.cpp tasks\taskmtrtable.cpp tasks\view\views\cell\taskmtrtable_taskcell.cpp tasks\load\taskmtrtable_taskloaderhelper.cpp tasks\view\views\taskmtrtable_taskview.cpp tasks\view\taskmtrtable_taskviewerhelper.cpp task2quiz\taskmtrtabletoquiz.cpp tasks\tasknode.cpp tasks\taskquestion.cpp tasks\view\views\cell\taskquestion_taskcell.cpp tasks\load\taskquestion_taskloaderhelper.cpp tasks\view\views\taskquestion_taskview.cpp tasks\view\taskquestion_taskviewerhelper.cpp task2quiz\taskquestiontoquiz.cpp task2quiz\tasktoquizhelper.cpp tasks\tasktree.cpp tasks\view\views\taskview.cpp tasks\view\taskviewer.cpp tasks\view\taskviewerhelper.cpp utils\txttobmp.cpp utils\utils.cpp quiz\render\web\webrenderer.cpp quiz\file\xmlquizfile.cpp quiz\file\xmlquizfile_quizgroupfilter.cpp quiz\file\xmlquizfile_structure.cpp quiz\file\xmlquizfile_variants.cpp
         moc_dlgabout.cpp
         moc_dlgaddquestions.cpp
         moc_dlgnewgroup.cpp
         moc_dlgprint.cpp
         moc_dlgtestgenprogress.cpp
     1>c:\mentorii\mentor_v2\gui\../quiz/render/web/webrenderer.h(7): warning C4100: totalQuestions: неиспользованный формальный параметр
     1>c:\mentorii\mentor_v2\gui\../quiz/render/web/webrenderer.h(7): warning C4100: processed: неиспользованный формальный параметр
     1>c:\mentorii\mentor_v2\gui\../quiz/render/web/webrenderer.h(8): warning C4100: totalQuestions: неиспользованный формальный параметр
         moc_dlgvariant.cpp
         moc_dlgvariants.cpp
         moc_mainwindow.cpp
         moc_quizcell.cpp
         moc_quizgroup_dlgproperties.cpp
         moc_quizgroup_quizcell.cpp
         moc_quizgroup_quiznodeview.cpp
         moc_quiznode.cpp
         moc_quiznodeview.cpp
         moc_quizquestion_quizcell.cpp
         moc_quizview.cpp
         moc_quiz_dlgproperties.cpp
         moc_taskcell.cpp
         moc_taskgroup_taskcell.cpp
         moc_taskgroup_taskview.cpp
         Создание кода...
         Компиляция...
         moc_taskmtrtable_taskcell.cpp
         moc_taskmtrtable_taskview.cpp
         moc_taskquestion_taskcell.cpp
         moc_taskquestion_taskview.cpp
         moc_taskview.cpp
         chain.cpp
         convert_to_tex.cpp
         derivs_generatedquestion.cpp
         derivs_generatorhelper.cpp
         derivs_scriptrendererhelper.cpp
         diffequ_generatedquestion.cpp
         diffequ_generatorhelper.cpp
         diffequ_scriptrendererhelper.cpp
         dlgabout.cpp
         dlgaddquestions.cpp
         dlgnewgroup.cpp
         dlgprint.cpp
         dlgtestgenprogress.cpp
     1>c:\mentorii\mentor_v2\gui\../quiz/render/web/webrenderer.h(7): warning C4100: totalQuestions: неиспользованный формальный параметр
     1>c:\mentorii\mentor_v2\gui\../quiz/render/web/webrenderer.h(7): warning C4100: processed: неиспользованный формальный параметр
     1>c:\mentorii\mentor_v2\gui\../quiz/render/web/webrenderer.h(8): warning C4100: totalQuestions: неиспользованный формальный параметр
     1>gui\dlgtestgenprogress.cpp(25): warning C4100: totalQuestions: неиспользованный формальный параметр
         dlgvariant.cpp
         dlgvariants.cpp
     1>c:\mentorii\mentor_v2\gui\../quiz/render/web/webrenderer.h(7): warning C4100: totalQuestions: неиспользованный формальный параметр
     1>c:\mentorii\mentor_v2\gui\../quiz/render/web/webrenderer.h(7): warning C4100: processed: неиспользованный формальный параметр
     1>c:\mentorii\mentor_v2\gui\../quiz/render/web/webrenderer.h(8): warning C4100: totalQuestions: неиспользованный формальный параметр
         Создание кода...
         Компиляция...
         generatedquestion.cpp
         generator.cpp
         generatorhelper.cpp
         imagerenderer.cpp
     1>quiz\render\image\imagerenderer.cpp(15): warning C4189: questions: локальная переменная инициализирована, но не использована
     1>quiz\render\image\imagerenderer.cpp(14): warning C4189: number: локальная переменная инициализирована, но не использована
         integrals_generatedquestion.cpp
         integrals_generatorhelper.cpp
         integrals_scriptrendererhelper.cpp
         legacy_helpers.cpp
     1>quiz\render\script\legacy_helpers.cpp(12): warning C4156: удаление массива без использования формы оператора "delete", предусмотренной для массива; подставлена предусмотренная форма оператора
         limits_generatedquestion.cpp
         limits_generatorhelper.cpp
         limits_scriptrendererhelper.cpp
     1>quiz\render\script\limits_scriptrendererhelper.cpp(155): warning C4101: done: неиспользованная локальная переменная
     1>quiz\render\script\limits_scriptrendererhelper.cpp(164): warning C4101: lim1: неиспользованная локальная переменная
         m_deriv.cpp
     1>quiz\render\script\m_deriv.cpp(527): warning C4101: a: неиспользованная локальная переменная
     1>quiz\render\script\m_deriv.cpp(1089): warning C4101: z: неиспользованная локальная переменная
     1>quiz\render\script\m_deriv.cpp(1389): warning C4101: delta: неиспользованная локальная переменная
     1>quiz\render\script\m_deriv.cpp(1426): warning C4101: delta: неиспользованная локальная переменная
     1>quiz\render\script\m_deriv.cpp(1465): warning C4101: delta: неиспользованная локальная переменная
     1>quiz\render\script\m_deriv.cpp(1503): warning C4101: delta: неиспользованная локальная переменная
     1>quiz\render\script\m_deriv.cpp(1541): warning C4101: delta: неиспользованная локальная переменная
     1>quiz\render\script\m_deriv.cpp(1581): warning C4101: delta: неиспользованная локальная переменная
     1>quiz\render\script\m_deriv.cpp(1848): warning C4101: m: неиспользованная локальная переменная
     1>quiz\render\script\m_deriv.cpp(2573): warning C4100: src: неиспользованный формальный параметр
     1>quiz\render\script\m_deriv.cpp(2638): warning C4101: x0: неиспользованная локальная переменная
         m_deriv_01.cpp
     1>quiz\render\script\m_deriv_01.cpp(69): warning C4101: poly: неиспользованная локальная переменная
     1>quiz\render\script\m_deriv_01.cpp(93): warning C4101: poly: неиспользованная локальная переменная
     1>quiz\render\script\m_deriv_01.cpp(117): warning C4101: poly: неиспользованная локальная переменная
     1>quiz\render\script\m_deriv_01.cpp(141): warning C4101: poly: неиспользованная локальная переменная
     1>quiz\render\script\m_deriv_01.cpp(165): warning C4101: poly: неиспользованная локальная переменная
     1>quiz\render\script\m_deriv_01.cpp(189): warning C4101: poly: неиспользованная локальная переменная
     1>quiz\render\script\m_deriv_01.cpp(213): warning C4101: poly: неиспользованная локальная переменная
     1>quiz\render\script\m_deriv_01.cpp(237): warning C4101: poly: неиспользованная локальная переменная
     1>quiz\render\script\m_deriv_01.cpp(261): warning C4101: poly: неиспользованная локальная переменная
     1>quiz\render\script\m_deriv_01.cpp(285): warning C4101: poly: неиспользованная локальная переменная
     1>quiz\render\script\m_deriv_01.cpp(827): warning C4101: poly: неиспользованная локальная переменная
     1>quiz\render\script\m_deriv_01.cpp(851): warning C4101: poly: неиспользованная локальная переменная
         m_deriv_02.cpp
     1>quiz\render\script\m_deriv_02.cpp(447): warning C4101: buf: неиспользованная локальная переменная
     1>quiz\render\script\m_deriv_02.cpp(565): warning C4101: a: неиспользованная локальная переменная
         m_diffequ.cpp
     1>quiz\render\script\m_diffequ.cpp(144): warning C4100: r: неиспользованный формальный параметр
     1>quiz\render\script\m_diffequ.cpp(151): warning C4100: r: неиспользованный формальный параметр
     1>quiz\render\script\m_diffequ.cpp(158): warning C4100: r: неиспользованный формальный параметр
         m_expressions.cpp
     1>quiz\render\script\m_expressions.cpp(675): warning C4100: sign: неиспользованный формальный параметр
     1>quiz\render\script\m_expressions.cpp(703): warning C4189: sign: локальная переменная инициализирована, но не использована
     1>quiz\render\script\m_expressions.cpp(730): warning C4189: sign: локальная переменная инициализирована, но не использована
     1>quiz\render\script\m_expressions.cpp(766): warning C4101: cnt: неиспользованная локальная переменная
     1>quiz\render\script\m_expressions.cpp(778): warning C4101: cnt: неиспользованная локальная переменная
         m_integ.cpp
         m_integ0xxb.cpp
     1>quiz\render\script\m_integ0xxb.cpp(24): warning C4100: r: неиспользованный формальный параметр
     1>quiz\render\script\m_integ0xxb.cpp(40): warning C4101: buf: неиспользованная локальная переменная
     1>quiz\render\script\m_integ0xxb.cpp(58): warning C4100: r: неиспользованный формальный параметр
     1>quiz\render\script\m_integ0xxb.cpp(72): warning C4100: r: неиспользованный формальный параметр
     1>quiz\render\script\m_integ0xxb.cpp(86): warning C4100: r: неиспользованный формальный параметр
     1>quiz\render\script\m_integ0xxb.cpp(100): warning C4100: r: неиспользованный формальный параметр
     1>quiz\render\script\m_integ0xxb.cpp(114): warning C4100: r: неиспользованный формальный параметр
     1>quiz\render\script\m_integ0xxb.cpp(130): warning C4101: buf: неиспользованная локальная переменная
     1>quiz\render\script\m_integ0xxb.cpp(162): warning C4313: sprintf: конфликт "%d" в строке формата с аргументом 2 типа "char *"
     1>quiz\render\script\m_integ0xxb.cpp(150): warning C4101: buf: неиспользованная локальная переменная
     1>quiz\render\script\m_integ0xxb.cpp(190): warning C4101: buf: неиспользованная локальная переменная
         m_integ2.cpp
     1>quiz\render\script\m_integ2.cpp(3): warning C4100: r: неиспользованный формальный параметр
     1>quiz\render\script\m_integ2.cpp(17): warning C4100: r: неиспользованный формальный параметр
     1>quiz\render\script\m_integ2.cpp(31): warning C4100: r: неиспользованный формальный параметр
     1>quiz\render\script\m_integ2.cpp(45): warning C4100: r: неиспользованный формальный параметр
     1>quiz\render\script\m_integ2.cpp(59): warning C4100: r: неиспользованный формальный параметр
     1>quiz\render\script\m_integ2.cpp(73): warning C4100: r: неиспользованный формальный параметр
     1>quiz\render\script\m_integ2.cpp(87): warning C4100: r: неиспользованный формальный параметр
     1>quiz\render\script\m_integ2.cpp(101): warning C4100: r: неиспользованный формальный параметр
     1>quiz\render\script\m_integ2.cpp(122): warning C4100: r: неиспользованный формальный параметр
     1>quiz\render\script\m_integ2.cpp(137): warning C4100: r: неиспользованный формальный параметр
     1>quiz\render\script\m_integ2.cpp(151): warning C4100: r: неиспользованный формальный параметр
     1>quiz\render\script\m_integ2.cpp(165): warning C4100: r: неиспользованный формальный параметр
     1>quiz\render\script\m_integ2.cpp(179): warning C4100: r: неиспользованный формальный параметр
     1>quiz\render\script\m_integ2.cpp(193): warning C4100: r: неиспользованный формальный параметр
     1>quiz\render\script\m_integ2.cpp(207): warning C4100: r: неиспользованный формальный параметр
     1>quiz\render\script\m_integ2.cpp(221): warning C4100: r: неиспользованный формальный параметр
     1>quiz\render\script\m_integ2.cpp(235): warning C4100: r: неиспользованный формальный параметр
     1>quiz\render\script\m_integ2.cpp(249): warning C4100: r: неиспользованный формальный параметр
     1>quiz\render\script\m_integ2.cpp(263): warning C4100: r: неиспользованный формальный параметр
     1>quiz\render\script\m_integ2.cpp(277): warning C4100: r: неиспользованный формальный параметр
     1>quiz\render\script\m_integ2.cpp(291): warning C4100: r: неиспользованный формальный параметр
     1>quiz\render\script\m_integ2.cpp(305): warning C4100: r: неиспользованный формальный параметр
     1>quiz\render\script\m_integ2.cpp(319): warning C4100: r: неиспользованный формальный параметр
     1>quiz\render\script\m_integ2.cpp(333): warning C4100: r: неиспользованный формальный параметр
     1>quiz\render\script\m_integ2.cpp(347): warning C4100: r: неиспользованный формальный параметр
     1>quiz\render\script\m_integ2.cpp(361): warning C4100: r: неиспользованный формальный параметр
     1>quiz\render\script\m_integ2.cpp(375): warning C4100: r: неиспользованный формальный параметр
     1>quiz\render\script\m_integ2.cpp(389): warning C4100: r: неиспользованный формальный параметр
     1>quiz\render\script\m_integ2.cpp(403): warning C4100: r: неиспользованный формальный параметр
     1>quiz\render\script\m_integ2.cpp(417): warning C4100: r: неиспользованный формальный параметр
         m_integ_a01.cpp
         Создание кода...
         Компиляция...
         m_integ_a02.cpp
     1>quiz\render\script\m_integ_a02.cpp(436): warning C4101: buf: неиспользованная локальная переменная
     1>quiz\render\script\m_integ_a02.cpp(524): warning C4101: buf: неиспользованная локальная переменная
     1>quiz\render\script\m_integ_a02.cpp(542): warning C4101: buf: неиспользованная локальная переменная
     1>quiz\render\script\m_integ_a02.cpp(560): warning C4101: buf: неиспользованная локальная переменная
     1>quiz\render\script\m_integ_a02.cpp(576): warning C4100: r: неиспользованный формальный параметр
     1>quiz\render\script\m_integ_a02.cpp(578): warning C4101: buf: неиспользованная локальная переменная
     1>quiz\render\script\m_integ_a02.cpp(592): warning C4100: r: неиспользованный формальный параметр
     1>quiz\render\script\m_integ_a02.cpp(594): warning C4101: buf: неиспользованная локальная переменная
     1>quiz\render\script\m_integ_a02.cpp(608): warning C4100: r: неиспользованный формальный параметр
     1>quiz\render\script\m_integ_a02.cpp(610): warning C4101: buf: неиспользованная локальная переменная
     1>quiz\render\script\m_integ_a02.cpp(624): warning C4100: r: неиспользованный формальный параметр
     1>quiz\render\script\m_integ_a02.cpp(626): warning C4101: buf: неиспользованная локальная переменная
     1>quiz\render\script\m_integ_a02.cpp(638): warning C4100: r: неиспользованный формальный параметр
     1>quiz\render\script\m_integ_a02.cpp(640): warning C4101: buf: неиспользованная локальная переменная
     1>quiz\render\script\m_integ_a02.cpp(654): warning C4101: buf: неиспользованная локальная переменная
     1>quiz\render\script\m_integ_a02.cpp(672): warning C4101: buf: неиспользованная локальная переменная
     1>quiz\render\script\m_integ_a02.cpp(690): warning C4101: buf: неиспользованная локальная переменная
         m_integ_a03.cpp
         m_limits.cpp
     1>quiz\render\script\m_limits.cpp(23): warning C4100: answ: неиспользованный формальный параметр
     1>quiz\render\script\m_limits.cpp(48): warning C4100: answ: неиспользованный формальный параметр
     1>quiz\render\script\m_limits.cpp(67): warning C4100: answ: неиспользованный формальный параметр
     1>quiz\render\script\m_limits.cpp(85): warning C4100: answ: неиспользованный формальный параметр
     1>quiz\render\script\m_limits.cpp(103): warning C4100: answ: неиспользованный формальный параметр
     1>quiz\render\script\m_limits.cpp(123): warning C4100: answ: неиспользованный формальный параметр
     1>quiz\render\script\m_limits.cpp(144): warning C4100: answ: неиспользованный формальный параметр
     1>quiz\render\script\m_limits.cpp(164): warning C4100: answ: неиспользованный формальный параметр
     1>quiz\render\script\m_limits.cpp(185): warning C4100: answ: неиспользованный формальный параметр
     1>quiz\render\script\m_limits.cpp(206): warning C4100: answ: неиспользованный формальный параметр
     1>quiz\render\script\m_limits.cpp(226): warning C4100: answ: неиспользованный формальный параметр
     1>quiz\render\script\m_limits.cpp(256): warning C4100: answ: неиспользованный формальный параметр
     1>quiz\render\script\m_limits.cpp(284): warning C4100: answ: неиспользованный формальный параметр
     1>quiz\render\script\m_limits.cpp(313): warning C4100: answ: неиспользованный формальный параметр
     1>quiz\render\script\m_limits.cpp(344): warning C4100: answ: неиспользованный формальный параметр
     1>quiz\render\script\m_limits.cpp(363): warning C4100: answ: неиспользованный формальный параметр
     1>quiz\render\script\m_limits.cpp(409): warning C4100: answ: неиспользованный формальный параметр
     1>quiz\render\script\m_limits.cpp(432): warning C4100: answ: неиспользованный формальный параметр
     1>quiz\render\script\m_limits.cpp(454): warning C4100: answ: неиспользованный формальный параметр
     1>quiz\render\script\m_limits.cpp(476): warning C4100: answ: неиспользованный формальный параметр
     1>quiz\render\script\m_limits.cpp(498): warning C4100: answ: неиспользованный формальный параметр
     1>quiz\render\script\m_limits.cpp(527): warning C4100: answ: неиспользованный формальный параметр
     1>quiz\render\script\m_limits.cpp(555): warning C4100: answ: неиспользованный формальный параметр
     1>quiz\render\script\m_limits.cpp(572): warning C4100: answ: неиспользованный формальный параметр
     1>quiz\render\script\m_limits.cpp(589): warning C4100: answ: неиспользованный формальный параметр
     1>quiz\render\script\m_limits.cpp(606): warning C4100: answ: неиспользованный формальный параметр
     1>quiz\render\script\m_limits.cpp(623): warning C4100: answ: неиспользованный формальный параметр
     1>quiz\render\script\m_limits.cpp(640): warning C4100: answ: неиспользованный формальный параметр
     1>quiz\render\script\m_limits.cpp(660): warning C4100: answ: неиспользованный формальный параметр
     1>quiz\render\script\m_limits.cpp(677): warning C4100: answ: неиспользованный формальный параметр
     1>quiz\render\script\m_limits.cpp(693): warning C4100: answ: неиспользованный формальный параметр
     1>quiz\render\script\m_limits.cpp(710): warning C4100: answ: неиспользованный формальный параметр
     1>quiz\render\script\m_limits.cpp(710): warning C4100: r: неиспользованный формальный параметр
     1>quiz\render\script\m_limits.cpp(740): warning C4100: answ: неиспользованный формальный параметр
     1>quiz\render\script\m_limits.cpp(758): warning C4100: answ: неиспользованный формальный параметр
     1>quiz\render\script\m_limits.cpp(769): warning C4100: answ: неиспользованный формальный параметр
     1>quiz\render\script\m_limits.cpp(786): warning C4100: answ: неиспользованный формальный параметр
     1>quiz\render\script\m_limits.cpp(804): warning C4100: answ: неиспользованный формальный параметр
     1>quiz\render\script\m_limits.cpp(820): warning C4100: answ: неиспользованный формальный параметр
     1>quiz\render\script\m_limits.cpp(836): warning C4100: answ: неиспользованный формальный параметр
     1>quiz\render\script\m_limits.cpp(851): warning C4100: answ: неиспользованный формальный параметр
     1>quiz\render\script\m_limits.cpp(866): warning C4100: answ: неиспользованный формальный параметр
     1>quiz\render\script\m_limits.cpp(882): warning C4100: answ: неиспользованный формальный параметр
     1>quiz\render\script\m_limits.cpp(897): warning C4100: answ: неиспользованный формальный параметр
     1>quiz\render\script\m_limits.cpp(914): warning C4100: answ: неиспользованный формальный параметр
     1>quiz\render\script\m_limits.cpp(931): warning C4100: answ: неиспользованный формальный параметр
     1>quiz\render\script\m_limits.cpp(948): warning C4100: answ: неиспользованный формальный параметр
     1>quiz\render\script\m_limits.cpp(964): warning C4100: answ: неиспользованный формальный параметр
     1>quiz\render\script\m_limits.cpp(979): warning C4100: answ: неиспользованный формальный параметр
     1>quiz\render\script\m_limits.cpp(994): warning C4100: answ: неиспользованный формальный параметр
     1>quiz\render\script\m_limits.cpp(1013): warning C4100: answ: неиспользованный формальный параметр
     1>quiz\render\script\m_limits.cpp(1030): warning C4100: answ: неиспользованный формальный параметр
     1>quiz\render\script\m_limits.cpp(1052): warning C4100: answ: неиспользованный формальный параметр
     1>quiz\render\script\m_limits.cpp(1070): warning C4100: answ: неиспользованный формальный параметр
     1>quiz\render\script\m_limits.cpp(1088): warning C4100: answ: неиспользованный формальный параметр
     1>quiz\render\script\m_limits.cpp(1110): warning C4100: answ: неиспользованный формальный параметр
     1>quiz\render\script\m_limits.cpp(1132): warning C4100: answ: неиспользованный формальный параметр
     1>quiz\render\script\m_limits.cpp(1150): warning C4100: answ: неиспользованный формальный параметр
     1>quiz\render\script\m_limits.cpp(1166): warning C4100: answ: неиспользованный формальный параметр
     1>quiz\render\script\m_limits.cpp(1183): warning C4100: answ: неиспользованный формальный параметр
     1>quiz\render\script\m_limits.cpp(1200): warning C4100: answ: неиспользованный формальный параметр
     1>quiz\render\script\m_limits.cpp(1215): warning C4100: answ: неиспользованный формальный параметр
     1>quiz\render\script\m_limits.cpp(1232): warning C4100: answ: неиспользованный формальный параметр
     1>quiz\render\script\m_limits.cpp(1248): warning C4100: answ: неиспользованный формальный параметр
     1>quiz\render\script\m_limits.cpp(1265): warning C4100: answ: неиспользованный формальный параметр
     1>quiz\render\script\m_limits.cpp(1282): warning C4100: answ: неиспользованный формальный параметр
     1>quiz\render\script\m_limits.cpp(1300): warning C4100: answ: неиспользованный формальный параметр
     1>quiz\render\script\m_limits.cpp(1310): warning C4100: answ: неиспользованный формальный параметр
     1>quiz\render\script\m_limits.cpp(1326): warning C4100: answ: неиспользованный формальный параметр
     1>quiz\render\script\m_limits.cpp(1342): warning C4100: answ: неиспользованный формальный параметр
     1>quiz\render\script\m_limits.cpp(1362): warning C4100: answ: неиспользованный формальный параметр
     1>quiz\render\script\m_limits.cpp(1381): warning C4100: answ: неиспользованный формальный параметр
     1>quiz\render\script\m_limits.cpp(1400): warning C4100: answ: неиспользованный формальный параметр
     1>quiz\render\script\m_limits.cpp(1419): warning C4100: answ: неиспользованный формальный параметр
     1>quiz\render\script\m_limits.cpp(1438): warning C4100: answ: неиспользованный формальный параметр
     1>quiz\render\script\m_limits.cpp(1457): warning C4100: answ: неиспользованный формальный параметр
     1>quiz\render\script\m_limits.cpp(1476): warning C4100: answ: неиспользованный формальный параметр
     1>quiz\render\script\m_limits.cpp(1495): warning C4100: answ: неиспользованный формальный параметр
     1>quiz\render\script\m_limits.cpp(1514): warning C4100: answ: неиспользованный формальный параметр
     1>quiz\render\script\m_limits.cpp(1533): warning C4100: answ: неиспользованный формальный параметр
     1>quiz\render\script\m_limits.cpp(1552): warning C4100: answ: неиспользованный формальный параметр
     1>quiz\render\script\m_limits.cpp(1571): warning C4100: answ: неиспользованный формальный параметр
     1>quiz\render\script\m_limits.cpp(1589): warning C4100: answ: неиспользованный формальный параметр
     1>quiz\render\script\m_limits.cpp(1606): warning C4100: answ: неиспользованный формальный параметр
     1>quiz\render\script\m_limits.cpp(1625): warning C4100: answ: неиспользованный формальный параметр
     1>quiz\render\script\m_limits.cpp(1644): warning C4100: answ: неиспользованный формальный параметр
     1>quiz\render\script\m_limits.cpp(1665): warning C4100: answ: неиспользованный формальный параметр
     1>quiz\render\script\m_limits.cpp(1665): warning C4100: r: неиспользованный формальный параметр
     1>quiz\render\script\m_limits.cpp(1672): warning C4100: answ: неиспользованный формальный параметр
     1>quiz\render\script\m_limits.cpp(1693): warning C4100: answ: неиспользованный формальный параметр
     1>quiz\render\script\m_limits.cpp(1714): warning C4100: answ: неиспользованный формальный параметр
     1>quiz\render\script\m_limits.cpp(1735): warning C4100: answ: неиспользованный формальный параметр
     1>quiz\render\script\m_limits.cpp(1756): warning C4100: answ: неиспользованный формальный параметр
     1>quiz\render\script\m_limits.cpp(1778): warning C4100: answ: неиспользованный формальный параметр
     1>quiz\render\script\m_limits.cpp(1795): warning C4100: answ: неиспользованный формальный параметр
     1>quiz\render\script\m_limits.cpp(1812): warning C4100: answ: неиспользованный формальный параметр
     1>quiz\render\script\m_limits.cpp(1830): warning C4100: answ: неиспользованный формальный параметр
     1>quiz\render\script\m_limits.cpp(1848): warning C4100: answ: неиспользованный формальный параметр
     1>quiz\render\script\m_limits.cpp(1867): warning C4100: answ: неиспользованный формальный параметр
     1>quiz\render\script\m_limits.cpp(1884): warning C4100: answ: неиспользованный формальный параметр
     1>quiz\render\script\m_limits.cpp(1902): warning C4100: answ: неиспользованный формальный параметр
     1>quiz\render\script\m_limits.cpp(1920): warning C4100: answ: неиспользованный формальный параметр
     1>quiz\render\script\m_limits.cpp(1937): warning C4100: answ: неиспользованный формальный параметр
     1>quiz\render\script\m_limits.cpp(1954): warning C4100: answ: неиспользованный формальный параметр
     1>quiz\render\script\m_limits.cpp(1971): warning C4100: answ: неиспользованный формальный параметр
     1>quiz\render\script\m_limits.cpp(1992): warning C4100: answ: неиспользованный формальный параметр
     1>quiz\render\script\m_limits.cpp(2013): warning C4100: answ: неиспользованный формальный параметр
     1>quiz\render\script\m_limits.cpp(2033): warning C4100: answ: неиспользованный формальный параметр
     1>quiz\render\script\m_limits.cpp(2052): warning C4100: answ: неиспользованный формальный параметр
     1>quiz\render\script\m_limits.cpp(2074): warning C4100: answ: неиспользованный формальный параметр
     1>quiz\render\script\m_limits.cpp(2091): warning C4100: answ: неиспользованный формальный параметр
     1>quiz\render\script\m_limits.cpp(2110): warning C4100: answ: неиспользованный формальный параметр
     1>quiz\render\script\m_limits.cpp(2129): warning C4100: answ: неиспользованный формальный параметр
     1>quiz\render\script\m_limits.cpp(2148): warning C4100: answ: неиспользованный формальный параметр
     1>quiz\render\script\m_limits.cpp(2263): warning C4100: src: неиспользованный формальный параметр
     1>quiz\render\script\m_limits.cpp(2263): warning C4100: answ: неиспользованный формальный параметр
     1>quiz\render\script\m_limits.cpp(2280): warning C4100: src: неиспользованный формальный параметр
     1>quiz\render\script\m_limits.cpp(2280): warning C4100: answ: неиспользованный формальный параметр
     1>quiz\render\script\m_limits.cpp(2297): warning C4100: src: неиспользованный формальный параметр
     1>quiz\render\script\m_limits.cpp(2297): warning C4100: answ: неиспользованный формальный параметр
     1>quiz\render\script\m_limits.cpp(2312): warning C4100: src: неиспользованный формальный параметр
     1>quiz\render\script\m_limits.cpp(2312): warning C4100: answ: неиспользованный формальный параметр
     1>quiz\render\script\m_limits.cpp(2407): warning C4100: src: неиспользованный формальный параметр
     1>quiz\render\script\m_limits.cpp(2407): warning C4100: answ: неиспользованный формальный параметр
         m_series.cpp
     1>quiz\render\script\m_series.cpp(75): warning C4101: ab1: неиспользованная локальная переменная
     1>quiz\render\script\m_series.cpp(206): warning C4101: ab3: неиспользованная локальная переменная
     1>quiz\render\script\m_series.cpp(238): warning C4804: <=: небезопасное использование типа "bool" в операции
     1>quiz\render\script\m_series.cpp(242): warning C4101: ab3: неиспользованная локальная переменная
         main.cpp
         mainwindow.cpp
     1>c:\mentorii\mentor_v2\gui\../quiz/render/web/webrenderer.h(7): warning C4100: totalQuestions: неиспользованный формальный параметр
     1>c:\mentorii\mentor_v2\gui\../quiz/render/web/webrenderer.h(7): warning C4100: processed: неиспользованный формальный параметр
     1>c:\mentorii\mentor_v2\gui\../quiz/render/web/webrenderer.h(8): warning C4100: totalQuestions: неиспользованный формальный параметр
         printscriptrenderer.cpp
         quiz.cpp
         quiz_dlgproperties.cpp
         quizadapter.cpp
         quizcell.cpp
     1>quiz\view\views\cell\quizcell.cpp(48): warning C4189: dropAction: локальная переменная инициализирована, но не использована
     1>quiz\view\views\cell\quizcell.cpp(51): warning C4100: e: неиспользованный формальный параметр
         quizfile.cpp
         quizfilter.cpp
         quizgroup.cpp
     1>quiz\quizgroup.cpp(15): warning C4390: ";": обнаружен пустой контролируемый оператор; это правильно?
         quizgroup_dlgproperties.cpp
         quizgroup_quizcell.cpp
     1>quiz\view\views\cell\quizgroup_quizcell.cpp(17): warning C4189: g: локальная переменная инициализирована, но не использована
         quizgroup_quiznodeview.cpp
         quizgroup_quizviewerhelper.cpp
         quizgroup_xmlquizfile_structure_helper.cpp
         quizgroupfilter.cpp
         Создание кода...
     1>c:\mentorii\mentor_v2\quiz\render\script\m_integ_a02.cpp(528): warning C4700: использована неинициализированная локальная переменная "b"
     1>c:\mentorii\mentor_v2\quiz\render\script\m_integ_a02.cpp(564): warning C4700: использована неинициализированная локальная переменная "b"
     1>c:\mentorii\mentor_v2\quiz\render\script\m_integ_a02.cpp(546): warning C4700: использована неинициализированная локальная переменная "b"
         Компиляция...
         quiznode.cpp
         quiznodeview.cpp
         quizquestion.cpp
         quizquestion_quizcell.cpp
         quizquestion_xmlquizfile_structure_helper.cpp
         quizvariant.cpp
         quizview.cpp
         quizviewer.cpp
         quizviewerhelper.cpp
         random_quizgroupfilter.cpp
         scriptrenderer.cpp
         scriptrendererhelper.cpp
         series_generatedquestion.cpp
         series_generatorhelper.cpp
         series_scriptrendererhelper.cpp
         shuffle_quizgroupfilter.cpp
         task2quiz.cpp
         taskcell.cpp
         taskgroup.cpp
         taskgroup_taskcell.cpp
         Создание кода...
         Компиляция...
         taskgroup_taskloaderhelper.cpp
         taskgroup_taskview.cpp
         taskgroup_taskviewerhelper.cpp
         taskgrouptoquiz.cpp
         taskloader.cpp
         taskloaderhelper.cpp
         taskmtrtable.cpp
         taskmtrtable_taskcell.cpp
         taskmtrtable_taskloaderhelper.cpp
         taskmtrtable_taskview.cpp
         taskmtrtable_taskviewerhelper.cpp
         taskmtrtabletoquiz.cpp
         tasknode.cpp
         taskquestion.cpp
         taskquestion_taskcell.cpp
         taskquestion_taskloaderhelper.cpp
         taskquestion_taskview.cpp
         taskquestion_taskviewerhelper.cpp
         taskquestiontoquiz.cpp
         tasktoquizhelper.cpp
         Создание кода...
         Компиляция...
         tasktree.cpp
         taskview.cpp
         taskviewer.cpp
         taskviewerhelper.cpp
         txttobmp.cpp
         utils.cpp
         webrenderer.cpp
     1>c:\mentorii\mentor_v2\quiz\render\web\webrenderer.h(7): warning C4100: totalQuestions: неиспользованный формальный параметр
     1>c:\mentorii\mentor_v2\quiz\render\web\webrenderer.h(7): warning C4100: processed: неиспользованный формальный параметр
     1>c:\mentorii\mentor_v2\quiz\render\web\webrenderer.h(8): warning C4100: totalQuestions: неиспользованный формальный параметр
         xmlquizfile.cpp
     1>quiz\file\xmlquizfile.cpp(90): warning C4100: xml: неиспользованный формальный параметр
         xmlquizfile_quizgroupfilter.cpp
     1>quiz\file\xmlquizfile_quizgroupfilter.cpp(16): warning C4100: value: неиспользованный формальный параметр
     1>quiz\file\xmlquizfile_quizgroupfilter.cpp(29): warning C4100: value: неиспользованный формальный параметр
     1>quiz\file\xmlquizfile_quizgroupfilter.cpp(51): warning C4100: f: неиспользованный формальный параметр
     1>quiz\file\xmlquizfile_quizgroupfilter.cpp(66): warning C4100: f: неиспользованный формальный параметр
         xmlquizfile_structure.cpp
         xmlquizfile_variants.cpp
         Создание кода...
         C:\Program Files (x86)\Microsoft Visual Studio 12.0\VC\bin\x86_amd64\CL.exe /c /I. /I.\..\..\qt\qt5.5.0\5.5\msvc2013_64\include /I.\..\..\qt\qt5.5.0\5.5\msvc2013_64\include\QtWebKit /I.\..\..\qt\qt5.5.0\5.5\msvc2013_64\include\QtGui /I.\..\..\qt\qt5.5.0\5.5\msvc2013_64\include\QtANGLE /I.\..\..\qt\qt5.5.0\5.5\msvc2013_64\include\QtXml /I.\..\..\qt\qt5.5.0\5.5\msvc2013_64\include\QtNetwork /I.\..\..\qt\qt5.5.0\5.5\msvc2013_64\include\QtCore /I.\debug /I".\..\..\qt\qt5.5.0\5.5\msvc2013_64\mkspecs\win32-msvc2013" /I.\GeneratedFiles /IC:\Qt\Qt5.5.0\5.5\msvc2013_64\include\QtCore /IC:\Qt\Qt5.5.0\5.5\msvc2013_64\include\QtGui /IC:\Qt\Qt5.5.0\5.5\msvc2013_64\include\QtQml /IC:\Qt\Qt5.5.0\5.5\msvc2013_64\include\QtWebKit /IC:\Qt\Qt5.5.0\5.5\msvc2013_64\include\QtUiTools /IC:\Qt\Qt5.5.0\5.5\msvc2013_64\include\QtPrintSupport /IC:\Qt\Qt5.5.0\5.5\msvc2013_64\include\QtScript /IC:\Qt\Qt5.5.0\5.5\msvc2013_64\include\QtWebkitWidgets /IC:\Qt\Qt5.5.0\5.5\msvc2013_64\include\QtWidgets /IC:\Qt\Qt5.5.0\5.5\msvc2013_64\include\QtXml /I.\GeneratedFiles\Debug /Zi /nologo /W3 /WX- /Od /D _WINDOWS /D UNICODE /D WIN32 /D WIN64 /D "WINVER = 0x0501" /D "_WIN32_WINNT = 0x0501" /D QT_WEBKIT_LIB /D QT_GUI_LIB /D QT_XML_LIB /D QT_NETWORK_LIB /D QT_CORE_LIB /D QT_QML_LIB /D QT_UITOOLS_LIB /D QT_PRINTSUPPORT_LIB /D QT_SCRIPT_LIB /D QT_WEBKITWIDGETS_LIB /D QT_WIDGETS_LIB /Gm- /EHsc /MDd /GS /fp:precise /Zc:wchar_t /Zc:forScope /GR /Fo"Debug\\" /Fd"Debug\vc120.pdb" /Gd /TP /errorReport:prompt -w34100 -w34189 -w44996 GeneratedFiles\qrc_r.cpp
         qrc_r.cpp
     1>C:\Program Files (x86)\MSBuild\Microsoft.Cpp\v4.0\V120\Microsoft.CppBuild.targets(1193,5): warning MSB8012: TargetPath(C:\MentorII\Debug\Mentor_v2.exe) does not match the Linker's OutputFile property value (C:\MentorII\Debug\MentorII.exe). This may cause your project to build incorrectly. To correct this, please make sure that $(OutDir), $(TargetName) and $(TargetExt) property values match the value specified in %(Link.OutputFile).
     1>C:\Program Files (x86)\MSBuild\Microsoft.Cpp\v4.0\V120\Microsoft.CppBuild.targets(1195,5): warning MSB8012: TargetName(Mentor_v2) does not match the Linker's OutputFile property value (MentorII). This may cause your project to build incorrectly. To correct this, please make sure that $(OutDir), $(TargetName) and $(TargetExt) property values match the value specified in %(Link.OutputFile).
       Link:
         C:\Program Files (x86)\Microsoft Visual Studio 12.0\VC\bin\x86_amd64\link.exe /ERRORREPORT:PROMPT /OUT:"C:\MentorII\Debug\\MentorII.exe" /NOLOGO /LIBPATH:C:\qt\qt5.5.0\5.5\msvc2013_64\lib /LIBPATH:C:/qt/qt5.5.0/5.5/msvc2013_64/lib /LIBPATH:C:\Qt\Qt5.5.0\5.5\msvc2013_64\lib C:\qt\qt5.5.0\5.5\msvc2013_64\lib\qtmaind.lib shell32.lib C:/qt/qt5.5.0/5.5/msvc2013_64/lib\Qt5Cored.lib C:\qt\qt5.5.0\5.5\msvc2013_64\lib\Qt5WebKitd.lib C:\qt\qt5.5.0\5.5\msvc2013_64\lib\Qt5Guid.lib C:\qt\qt5.5.0\5.5\msvc2013_64\lib\Qt5Xmld.lib C:\qt\qt5.5.0\5.5\msvc2013_64\lib\Qt5Networkd.lib C:\qt\qt5.5.0\5.5\msvc2013_64\lib\Qt5Cored.lib Qt5Cored.lib Qt5Guid.lib Qt5Qmld.lib Qt5WebKitd.lib Qt5UiToolsd.lib Qt5PrintSupportd.lib Qt5Scriptd.lib Qt5WebkitWidgetsd.lib Qt5Widgetsd.lib Qt5Xmld.lib kernel32.lib user32.lib gdi32.lib winspool.lib comdlg32.lib advapi32.lib shell32.lib ole32.lib oleaut32.lib uuid.lib odbc32.lib odbccp32.lib /MANIFEST /MANIFESTUAC:"level='asInvoker' uiAccess='false'" /manifest:embed /DEBUG /PDB:"C:\MentorII\Debug\Mentor_v2.pdb" /SUBSYSTEM:WINDOWS /TLBID:1 /DYNAMICBASE /NXCOMPAT /MACHINE:X64 "/MANIFESTDEPENDENCY:type='win32' name='Microsoft.Windows.Common-Controls' version='6.0.0.0' publicKeyToken='6595b64144ccf1df' language='*' processorArchitecture='*'" Debug\moc_dlgabout.obj
         Debug\moc_dlgaddquestions.obj
         Debug\moc_dlgnewgroup.obj
         Debug\moc_dlgprint.obj
         Debug\moc_dlgtestgenprogress.obj
         Debug\moc_dlgvariant.obj
         Debug\moc_dlgvariants.obj
         Debug\moc_mainwindow.obj
         Debug\moc_quizcell.obj
         Debug\moc_quizgroup_dlgproperties.obj
         Debug\moc_quizgroup_quizcell.obj
         Debug\moc_quizgroup_quiznodeview.obj
         Debug\moc_quiznode.obj
         Debug\moc_quiznodeview.obj
         Debug\moc_quizquestion_quizcell.obj
         Debug\moc_quizview.obj
         Debug\moc_quiz_dlgproperties.obj
         Debug\moc_taskcell.obj
         Debug\moc_taskgroup_taskcell.obj
         Debug\moc_taskgroup_taskview.obj
         Debug\moc_taskmtrtable_taskcell.obj
         Debug\moc_taskmtrtable_taskview.obj
         Debug\moc_taskquestion_taskcell.obj
         Debug\moc_taskquestion_taskview.obj
         Debug\moc_taskview.obj
         Debug\qrc_r.obj
         Debug\chain.obj
         Debug\convert_to_tex.obj
         Debug\derivs_generatedquestion.obj
         Debug\derivs_generatorhelper.obj
         Debug\derivs_scriptrendererhelper.obj
         Debug\diffequ_generatedquestion.obj
         Debug\diffequ_generatorhelper.obj
         Debug\diffequ_scriptrendererhelper.obj
         Debug\dlgabout.obj
         Debug\dlgaddquestions.obj
         Debug\dlgnewgroup.obj
         Debug\dlgprint.obj
         Debug\dlgtestgenprogress.obj
         Debug\dlgvariant.obj
         Debug\dlgvariants.obj
         Debug\generatedquestion.obj
         Debug\generator.obj
         Debug\generatorhelper.obj
         Debug\imagerenderer.obj
         Debug\integrals_generatedquestion.obj
         Debug\integrals_generatorhelper.obj
         Debug\integrals_scriptrendererhelper.obj
         Debug\legacy_helpers.obj
         Debug\limits_generatedquestion.obj
         Debug\limits_generatorhelper.obj
         Debug\limits_scriptrendererhelper.obj
         Debug\m_deriv.obj
         Debug\m_deriv_01.obj
         Debug\m_deriv_02.obj
         Debug\m_diffequ.obj
         Debug\m_expressions.obj
         Debug\m_integ.obj
         Debug\m_integ0xxb.obj
         Debug\m_integ2.obj
         Debug\m_integ_a01.obj
         Debug\m_integ_a02.obj
         Debug\m_integ_a03.obj
         Debug\m_limits.obj
         Debug\m_series.obj
         Debug\main.obj
         Debug\mainwindow.obj
         Debug\printscriptrenderer.obj
         Debug\quiz.obj
         Debug\quiz_dlgproperties.obj
         Debug\quizadapter.obj
         Debug\quizcell.obj
         Debug\quizfile.obj
         Debug\quizfilter.obj
         Debug\quizgroup.obj
         Debug\quizgroup_dlgproperties.obj
         Debug\quizgroup_quizcell.obj
         Debug\quizgroup_quiznodeview.obj
         Debug\quizgroup_quizviewerhelper.obj
         Debug\quizgroup_xmlquizfile_structure_helper.obj
         Debug\quizgroupfilter.obj
         Debug\quiznode.obj
         Debug\quiznodeview.obj
         Debug\quizquestion.obj
         Debug\quizquestion_quizcell.obj
         Debug\quizquestion_xmlquizfile_structure_helper.obj
         Debug\quizvariant.obj
         Debug\quizview.obj
         Debug\quizviewer.obj
         Debug\quizviewerhelper.obj
         Debug\random_quizgroupfilter.obj
         Debug\scriptrenderer.obj
         Debug\scriptrendererhelper.obj
         Debug\series_generatedquestion.obj
         Debug\series_generatorhelper.obj
         Debug\series_scriptrendererhelper.obj
         Debug\shuffle_quizgroupfilter.obj
         Debug\task2quiz.obj
         Debug\taskcell.obj
         Debug\taskgroup.obj
         Debug\taskgroup_taskcell.obj
         Debug\taskgroup_taskloaderhelper.obj
         Debug\taskgroup_taskview.obj
         Debug\taskgroup_taskviewerhelper.obj
         Debug\taskgrouptoquiz.obj
         Debug\taskloader.obj
         Debug\taskloaderhelper.obj
         Debug\taskmtrtable.obj
         Debug\taskmtrtable_taskcell.obj
         Debug\taskmtrtable_taskloaderhelper.obj
         Debug\taskmtrtable_taskview.obj
         Debug\taskmtrtable_taskviewerhelper.obj
         Debug\taskmtrtabletoquiz.obj
         Debug\tasknode.obj
         Debug\taskquestion.obj
         Debug\taskquestion_taskcell.obj
         Debug\taskquestion_taskloaderhelper.obj
         Debug\taskquestion_taskview.obj
         Debug\taskquestion_taskviewerhelper.obj
         Debug\taskquestiontoquiz.obj
         Debug\tasktoquizhelper.obj
         Debug\tasktree.obj
         Debug\taskview.obj
         Debug\taskviewer.obj
         Debug\taskviewerhelper.obj
         Debug\txttobmp.obj
         Debug\utils.obj
         Debug\webrenderer.obj
         Debug\xmlquizfile.obj
         Debug\xmlquizfile_quizgroupfilter.obj
         Debug\xmlquizfile_structure.obj
         Debug\xmlquizfile_variants.obj
         Mentor_v2.vcxproj -> C:\MentorII\Debug\Mentor_v2.exe
     1>Сборка проекта "C:\MentorII\Mentor_v2\Mentor_v2.vcxproj" завершена (целевые объекты Rebuild).

Сборка успешно завершена.

Затраченное время: 00:08:59.59
